<?xml version="1.0" encoding="UTF-8"?>
<testsuite xmlns:xsi="http://www.w3.org/2001/XMLSchema-instance" xsi:noNamespaceSchemaLocation="https://maven.apache.org/surefire/maven-surefire-plugin/xsd/surefire-test-report-3.0.xsd" version="3.0" name="TestSuite" time="17.408" tests="2" errors="0" skipped="0" failures="0">
  <properties>
[...]
</properties>
  <testcase name="verify_account_registration" classname="testCases.TC001_AccountRegistrationTest" time="1.832">
    <system-out><![CDATA[13:17:09.070 [main] INFO  testCases.TC001_AccountRegistrationTest - ******Starting TC001_AccountRegistrationTest*****
13:17:09.197 [main] INFO  testCases.TC001_AccountRegistrationTest - Clicked on MyAccount link
13:17:09.506 [main] INFO  testCases.TC001_AccountRegistrationTest - Clicked on Register Link
13:17:09.507 [main] INFO  testCases.TC001_AccountRegistrationTest - Providing Customer Details
13:17:10.836 [main] INFO  testCases.TC001_AccountRegistrationTest - validating expected message
13:17:10.872 [main] INFO  testCases.TC001_AccountRegistrationTest - ******TC001_AccountRegistrationTest finished *****
]]></system-out>
    <system-err><![CDATA[SLF4J: Failed to load class "org.slf4j.impl.StaticLoggerBinder".
SLF4J: Defaulting to no-operation (NOP) logger implementation
SLF4J: See http://www.slf4j.org/codes.html#StaticLoggerBinder for further details.
]]></system-err>
  </testcase>
  <testcase name="verfiy_Login" classname="testCases.TC002_LoginTest" time="1.142">
    <system-out><![CDATA[13:17:15.476 [main] INFO  testCases.TC002_LoginTest - ****Starting TC002_LoginTest****
Email: klalasa@gmail.com
Password: kvmsri@10
13:17:16.616 [main] INFO  testCases.TC002_LoginTest - *** Finished TC002_LoginTest****
]]></system-out>
  </testcase>
</testsuite>