<?xml version="1.0" encoding="UTF-8"?>
<testng-results ignored="0" total="2" passed="2" failed="0" skipped="0">
  <reporter-output>
  </reporter-output>
  <suite started-at="2025-07-09T13:17:01 IST" name="All Test Suite" finished-at="2025-07-09T13:17:16 IST" duration-ms="15327">
    <groups>
      <group name="Master">
        <method signature="TC001_AccountRegistrationTest.verify_account_registration()[pri:0, instance:testCases.TC001_AccountRegistrationTest@5af3afd9]" name="verify_account_registration" class="testCases.TC001_AccountRegistrationTest"/>
        <method signature="TC002_LoginTest.verfiy_Login()[pri:0, instance:testCases.TC002_LoginTest@359f7cdf]" name="verfiy_Login" class="testCases.TC002_LoginTest"/>
      </group> <!-- Master -->
      <group name="Sanity">
        <method signature="TC002_LoginTest.verfiy_Login()[pri:0, instance:testCases.TC002_LoginTest@359f7cdf]" name="verfiy_Login" class="testCases.TC002_LoginTest"/>
      </group> <!-- Sanity -->
      <group name="Regression">
        <method signature="TC001_AccountRegistrationTest.verify_account_registration()[pri:0, instance:testCases.TC001_AccountRegistrationTest@5af3afd9]" name="verify_account_registration" class="testCases.TC001_AccountRegistrationTest"/>
      </group> <!-- Regression -->
    </groups>
    <test started-at="2025-07-09T13:17:01 IST" name="C:/Users/klala/IdeaProjects/Opencart/src/test/java/testCases" finished-at="2025-07-09T13:17:16 IST" duration-ms="15327">
      <class name="testCases.TC002_LoginTest">
        <test-method is-config="true" signature="setUp(java.lang.String,java.lang.String)[pri:0, instance:testCases.TC002_LoginTest@359f7cdf]" started-at="2025-07-09T13:17:11 IST" name="setUp" finished-at="2025-07-09T13:17:15 IST" duration-ms="4410" status="PASS">
          <params>
            <param index="0">
              <value>
                <![CDATA[Windows]]>
              </value>
            </param>
            <param index="1">
              <value>
                <![CDATA[chrome]]>
              </value>
            </param>
          </params>
          <reporter-output>
          </reporter-output>
        </test-method> <!-- setUp -->
        <test-method signature="verfiy_Login()[pri:0, instance:testCases.TC002_LoginTest@359f7cdf]" started-at="2025-07-09T13:17:15 IST" name="verfiy_Login" finished-at="2025-07-09T13:17:16 IST" duration-ms="1140" status="PASS">
          <reporter-output>
          </reporter-output>
        </test-method> <!-- verfiy_Login -->
        <test-method is-config="true" signature="tearDown()[pri:0, instance:testCases.TC002_LoginTest@359f7cdf]" started-at="2025-07-09T13:17:16 IST" name="tearDown" finished-at="2025-07-09T13:17:16 IST" duration-ms="185" status="PASS">
          <reporter-output>
          </reporter-output>
        </test-method> <!-- tearDown -->
      </class> <!-- testCases.TC002_LoginTest -->
      <class name="testCases.TC001_AccountRegistrationTest">
        <test-method is-config="true" signature="setUp(java.lang.String,java.lang.String)[pri:0, instance:testCases.TC001_AccountRegistrationTest@5af3afd9]" started-at="2025-07-09T13:17:01 IST" name="setUp" finished-at="2025-07-09T13:17:09 IST" duration-ms="7380" status="PASS">
          <params>
            <param index="0">
              <value>
                <![CDATA[Windows]]>
              </value>
            </param>
            <param index="1">
              <value>
                <![CDATA[chrome]]>
              </value>
            </param>
          </params>
          <reporter-output>
          </reporter-output>
        </test-method> <!-- setUp -->
        <test-method signature="verify_account_registration()[pri:0, instance:testCases.TC001_AccountRegistrationTest@5af3afd9]" started-at="2025-07-09T13:17:09 IST" name="verify_account_registration" finished-at="2025-07-09T13:17:10 IST" duration-ms="1811" status="PASS">
          <reporter-output>
          </reporter-output>
        </test-method> <!-- verify_account_registration -->
        <test-method is-config="true" signature="tearDown()[pri:0, instance:testCases.TC001_AccountRegistrationTest@5af3afd9]" started-at="2025-07-09T13:17:10 IST" name="tearDown" finished-at="2025-07-09T13:17:11 IST" duration-ms="162" status="PASS">
          <reporter-output>
          </reporter-output>
        </test-method> <!-- tearDown -->
      </class> <!-- testCases.TC001_AccountRegistrationTest -->
    </test> <!-- C:/Users/klala/IdeaProjects/Opencart/src/test/java/testCases -->
  </suite> <!-- All Test Suite -->
</testng-results>
