<?xml version="1.0" encoding="UTF-8"?>
<testng-results ignored="0" total="4" passed="4" failed="0" skipped="0">
  <reporter-output>
  </reporter-output>
  <suite started-at="2025-07-08T21:25:17 IST" name="All Test Suite" finished-at="2025-07-08T21:26:25 IST" duration-ms="68579">
    <groups>
      <group name="Master">
        <method signature="TC001_AccountRegistrationTest.verify_account_registration()[pri:0, instance:testCases.TC001_AccountRegistrationTest@38c5cc4c]" name="verify_account_registration" class="testCases.TC001_AccountRegistrationTest"/>
        <method signature="TC002_LoginTest.verfiy_Login()[pri:0, instance:testCases.TC002_LoginTest@3b07a0d6]" name="verfiy_Login" class="testCases.TC002_LoginTest"/>
        <method signature="TC001_AccountRegistrationTest.verify_account_registration()[pri:0, instance:testCases.TC001_AccountRegistrationTest@18ce0030]" name="verify_account_registration" class="testCases.TC001_AccountRegistrationTest"/>
        <method signature="TC002_LoginTest.verfiy_Login()[pri:0, instance:testCases.TC002_LoginTest@4445629]" name="verfiy_Login" class="testCases.TC002_LoginTest"/>
      </group> <!-- Master -->
      <group name="Sanity">
        <method signature="TC002_LoginTest.verfiy_Login()[pri:0, instance:testCases.TC002_LoginTest@3b07a0d6]" name="verfiy_Login" class="testCases.TC002_LoginTest"/>
        <method signature="TC002_LoginTest.verfiy_Login()[pri:0, instance:testCases.TC002_LoginTest@4445629]" name="verfiy_Login" class="testCases.TC002_LoginTest"/>
      </group> <!-- Sanity -->
      <group name="Regression">
        <method signature="TC001_AccountRegistrationTest.verify_account_registration()[pri:0, instance:testCases.TC001_AccountRegistrationTest@38c5cc4c]" name="verify_account_registration" class="testCases.TC001_AccountRegistrationTest"/>
        <method signature="TC001_AccountRegistrationTest.verify_account_registration()[pri:0, instance:testCases.TC001_AccountRegistrationTest@18ce0030]" name="verify_account_registration" class="testCases.TC001_AccountRegistrationTest"/>
      </group> <!-- Regression -->
    </groups>
    <test started-at="2025-07-08T21:25:17 IST" name="Tests on Chrome" finished-at="2025-07-08T21:25:49 IST" duration-ms="32708">
      <class name="testCases.TC002_LoginTest">
        <test-method is-config="true" signature="setUp(java.lang.String,java.lang.String)[pri:0, instance:testCases.TC002_LoginTest@3b07a0d6]" started-at="2025-07-08T21:25:43 IST" name="setUp" finished-at="2025-07-08T21:25:46 IST" duration-ms="3204" status="PASS">
          <params>
            <param index="0">
              <value>
                <![CDATA[Linux]]>
              </value>
            </param>
            <param index="1">
              <value>
                <![CDATA[chrome]]>
              </value>
            </param>
          </params>
          <reporter-output>
          </reporter-output>
        </test-method> <!-- setUp -->
        <test-method signature="verfiy_Login()[pri:0, instance:testCases.TC002_LoginTest@3b07a0d6]" started-at="2025-07-08T21:25:46 IST" name="verfiy_Login" finished-at="2025-07-08T21:25:49 IST" duration-ms="3051" status="PASS">
          <reporter-output>
          </reporter-output>
        </test-method> <!-- verfiy_Login -->
        <test-method is-config="true" signature="tearDown()[pri:0, instance:testCases.TC002_LoginTest@3b07a0d6]" started-at="2025-07-08T21:25:49 IST" name="tearDown" finished-at="2025-07-08T21:25:49 IST" duration-ms="118" status="PASS">
          <reporter-output>
          </reporter-output>
        </test-method> <!-- tearDown -->
      </class> <!-- testCases.TC002_LoginTest -->
      <class name="testCases.TC001_AccountRegistrationTest">
        <test-method is-config="true" signature="setUp(java.lang.String,java.lang.String)[pri:0, instance:testCases.TC001_AccountRegistrationTest@38c5cc4c]" started-at="2025-07-08T21:25:17 IST" name="setUp" finished-at="2025-07-08T21:25:32 IST" duration-ms="14997" status="PASS">
          <params>
            <param index="0">
              <value>
                <![CDATA[Linux]]>
              </value>
            </param>
            <param index="1">
              <value>
                <![CDATA[chrome]]>
              </value>
            </param>
          </params>
          <reporter-output>
          </reporter-output>
        </test-method> <!-- setUp -->
        <test-method signature="verify_account_registration()[pri:0, instance:testCases.TC001_AccountRegistrationTest@38c5cc4c]" started-at="2025-07-08T21:25:32 IST" name="verify_account_registration" finished-at="2025-07-08T21:25:43 IST" duration-ms="10352" status="PASS">
          <reporter-output>
          </reporter-output>
        </test-method> <!-- verify_account_registration -->
        <test-method is-config="true" signature="tearDown()[pri:0, instance:testCases.TC001_AccountRegistrationTest@38c5cc4c]" started-at="2025-07-08T21:25:43 IST" name="tearDown" finished-at="2025-07-08T21:25:43 IST" duration-ms="279" status="PASS">
          <reporter-output>
          </reporter-output>
        </test-method> <!-- tearDown -->
      </class> <!-- testCases.TC001_AccountRegistrationTest -->
    </test> <!-- Tests on Chrome -->
    <test started-at="2025-07-08T21:25:52 IST" name="Tests on Firefox" finished-at="2025-07-08T21:26:25 IST" duration-ms="33161">
      <class name="testCases.TC002_LoginTest">
        <test-method is-config="true" signature="setUp(java.lang.String,java.lang.String)[pri:0, instance:testCases.TC002_LoginTest@4445629]" started-at="2025-07-08T21:26:16 IST" name="setUp" finished-at="2025-07-08T21:26:21 IST" duration-ms="5853" status="PASS">
          <params>
            <param index="0">
              <value>
                <![CDATA[Linux]]>
              </value>
            </param>
            <param index="1">
              <value>
                <![CDATA[firefox]]>
              </value>
            </param>
          </params>
          <reporter-output>
          </reporter-output>
        </test-method> <!-- setUp -->
        <test-method signature="verfiy_Login()[pri:0, instance:testCases.TC002_LoginTest@4445629]" started-at="2025-07-08T21:26:21 IST" name="verfiy_Login" finished-at="2025-07-08T21:26:24 IST" duration-ms="2430" status="PASS">
          <reporter-output>
          </reporter-output>
        </test-method> <!-- verfiy_Login -->
        <test-method is-config="true" signature="tearDown()[pri:0, instance:testCases.TC002_LoginTest@4445629]" started-at="2025-07-08T21:26:24 IST" name="tearDown" finished-at="2025-07-08T21:26:25 IST" duration-ms="1497" status="PASS">
          <reporter-output>
          </reporter-output>
        </test-method> <!-- tearDown -->
      </class> <!-- testCases.TC002_LoginTest -->
      <class name="testCases.TC001_AccountRegistrationTest">
        <test-method is-config="true" signature="setUp(java.lang.String,java.lang.String)[pri:0, instance:testCases.TC001_AccountRegistrationTest@18ce0030]" started-at="2025-07-08T21:25:52 IST" name="setUp" finished-at="2025-07-08T21:26:10 IST" duration-ms="17861" status="PASS">
          <params>
            <param index="0">
              <value>
                <![CDATA[Linux]]>
              </value>
            </param>
            <param index="1">
              <value>
                <![CDATA[firefox]]>
              </value>
            </param>
          </params>
          <reporter-output>
          </reporter-output>
        </test-method> <!-- setUp -->
        <test-method signature="verify_account_registration()[pri:0, instance:testCases.TC001_AccountRegistrationTest@18ce0030]" started-at="2025-07-08T21:26:10 IST" name="verify_account_registration" finished-at="2025-07-08T21:26:14 IST" duration-ms="4052" status="PASS">
          <reporter-output>
          </reporter-output>
        </test-method> <!-- verify_account_registration -->
        <test-method is-config="true" signature="tearDown()[pri:0, instance:testCases.TC001_AccountRegistrationTest@18ce0030]" started-at="2025-07-08T21:26:14 IST" name="tearDown" finished-at="2025-07-08T21:26:16 IST" duration-ms="1446" status="PASS">
          <reporter-output>
          </reporter-output>
        </test-method> <!-- tearDown -->
      </class> <!-- testCases.TC001_AccountRegistrationTest -->
    </test> <!-- Tests on Firefox -->
  </suite> <!-- All Test Suite -->
</testng-results>
